0 info it worked if it ends with ok
1 verbose cli [ '/Users/shiva.yb/.nvm/versions/node/v7.7.3/bin/node',
1 verbose cli   '/Users/shiva.yb/.nvm/versions/node/v7.7.3/bin/npm',
1 verbose cli   'start' ]
2 info using npm@4.1.2
3 info using node@v7.7.3
4 verbose run-script [ 'prestart', 'start', 'poststart' ]
5 info lifecycle ui-test@0.0.1~prestart: ui-test@0.0.1
6 silly lifecycle ui-test@0.0.1~prestart: no script for prestart, continuing
7 info lifecycle ui-test@0.0.1~start: ui-test@0.0.1
8 verbose lifecycle ui-test@0.0.1~start: unsafe-perm in lifecycle true
9 verbose lifecycle ui-test@0.0.1~start: PATH: /Users/shiva.yb/.nvm/versions/node/v7.7.3/lib/node_modules/npm/bin/node-gyp-bin:/Users/shiva.yb/Desktop/Repositories/TreeViewRenderer/node_modules/.bin:/Users/shiva.yb/.nvm/versions/node/v7.7.3/bin:/usr/local/bin:/usr/bin:/bin:/usr/sbin:/sbin:/Users/shiva.yb/Desktop/Repositories/apache-maven-3.2.5/bin:/Library/Java/JavaVirtualMachines/jdk1.8.0_101.jdk/Contents/Home:/Users/shiva.yb/Downloads/gsf2-sdk-2.10.0-SNAPSHOT
10 verbose lifecycle ui-test@0.0.1~start: CWD: /Users/shiva.yb/Desktop/Repositories/TreeViewRenderer
11 silly lifecycle ui-test@0.0.1~start: Args: [ '-c', 'react-scripts start' ]
12 info lifecycle ui-test@0.0.1~start: Failed to exec start script
13 verbose stack Error: ui-test@0.0.1 start: `react-scripts start`
13 verbose stack spawn ENOENT
13 verbose stack     at ChildProcess.<anonymous> (/Users/shiva.yb/.nvm/versions/node/v7.7.3/lib/node_modules/npm/lib/utils/spawn.js:33:16)
13 verbose stack     at emitTwo (events.js:106:13)
13 verbose stack     at ChildProcess.emit (events.js:194:7)
13 verbose stack     at maybeClose (internal/child_process.js:899:16)
13 verbose stack     at Process.ChildProcess._handle.onexit (internal/child_process.js:226:5)
14 verbose pkgid ui-test@0.0.1
15 verbose cwd /Users/shiva.yb/Desktop/Repositories/TreeViewRenderer
16 error Darwin 16.6.0
17 error argv "/Users/shiva.yb/.nvm/versions/node/v7.7.3/bin/node" "/Users/shiva.yb/.nvm/versions/node/v7.7.3/bin/npm" "start"
18 error node v7.7.3
19 error npm  v4.1.2
20 error file sh
21 error code ELIFECYCLE
22 error errno ENOENT
23 error syscall spawn
24 error ui-test@0.0.1 start: `react-scripts start`
24 error spawn ENOENT
25 error Failed at the ui-test@0.0.1 start script 'react-scripts start'.
25 error Make sure you have the latest version of node.js and npm installed.
25 error If you do, this is most likely a problem with the ui-test package,
25 error not with npm itself.
25 error Tell the author that this fails on your system:
25 error     react-scripts start
25 error You can get information on how to open an issue for this project with:
25 error     npm bugs ui-test
25 error Or if that isn't available, you can get their info via:
25 error     npm owner ls ui-test
25 error There is likely additional logging output above.
26 verbose exit [ 1, true ]
